<?xml version="1.0" encoding="UTF-8"?>
<!-- Generated by org.testng.reporters.JUnitXMLReporter -->
<testsuite hostname="sauravsinghsikar.local" ignored="0" name="Test" tests="1" failures="1" timestamp="2020-08-11T19:09:36 IST" time="0.492" errors="0">
  <testcase name="weatherDataComparison" time="0.01" classname="automationTests.AssignmentTests">
    <failure type="java.lang.NullPointerException">
      <![CDATA[java.lang.NullPointerException
at webAndAPIAutomation.GetUIWeatherData.getDataFromWebUI(GetUIWeatherData.java:13)
at webAndAPIAutomation.GetWeatherData.compareFromApiAndUI(GetWeatherData.java:58)
at automationTests.AssignmentTests.weatherDataComparison(AssignmentTests.java:53)
at java.util.ArrayList.forEach(ArrayList.java:1257)
... Removed 27 stack frames]]>
    </failure>
  </testcase> <!-- weatherDataComparison -->
</testsuite> <!-- Test -->
