<?xml version="1.0" encoding="UTF-8"?>
<testng-results skipped="0" failed="1" ignored="0" total="1" passed="0">
  <reporter-output>
  </reporter-output>
  <suite name="Suite" duration-ms="492" started-at="2020-08-11T19:09:36 IST" finished-at="2020-08-11T19:09:36 IST">
    <groups>
    </groups>
    <test name="Test" duration-ms="492" started-at="2020-08-11T19:09:36 IST" finished-at="2020-08-11T19:09:36 IST">
      <class name="automationTests.AssignmentTests">
        <test-method status="PASS" signature="startReport()[pri:0, instance:automationTests.AssignmentTests@3234e239]" name="startReport" is-config="true" duration-ms="139" started-at="2020-08-11T19:09:36 IST" finished-at="2020-08-11T19:09:36 IST">
          <reporter-output>
          </reporter-output>
        </test-method> <!-- startReport -->
        <test-method status="FAIL" signature="weatherDataComparison()[pri:0, instance:automationTests.AssignmentTests@3234e239]" name="weatherDataComparison" duration-ms="10" started-at="2020-08-11T19:09:36 IST" finished-at="2020-08-11T19:09:36 IST">
          <exception class="java.lang.NullPointerException">
            <full-stacktrace>
              <![CDATA[java.lang.NullPointerException
at webAndAPIAutomation.GetUIWeatherData.getDataFromWebUI(GetUIWeatherData.java:13)
at webAndAPIAutomation.GetWeatherData.compareFromApiAndUI(GetWeatherData.java:58)
at automationTests.AssignmentTests.weatherDataComparison(AssignmentTests.java:53)
at sun.reflect.NativeMethodAccessorImpl.invoke0(Native Method)
at sun.reflect.NativeMethodAccessorImpl.invoke(NativeMethodAccessorImpl.java:62)
at sun.reflect.DelegatingMethodAccessorImpl.invoke(DelegatingMethodAccessorImpl.java:43)
at java.lang.reflect.Method.invoke(Method.java:498)
at org.testng.internal.MethodInvocationHelper.invokeMethod(MethodInvocationHelper.java:135)
at org.testng.internal.TestInvoker.invokeMethod(TestInvoker.java:598)
at org.testng.internal.TestInvoker.invokeTestMethod(TestInvoker.java:174)
at org.testng.internal.MethodRunner.runInSequence(MethodRunner.java:46)
at org.testng.internal.TestInvoker$MethodInvocationAgent.invoke(TestInvoker.java:821)
at org.testng.internal.TestInvoker.invokeTestMethods(TestInvoker.java:147)
at org.testng.internal.TestMethodWorker.invokeTestMethods(TestMethodWorker.java:146)
at org.testng.internal.TestMethodWorker.run(TestMethodWorker.java:128)
at java.util.ArrayList.forEach(ArrayList.java:1257)
at org.testng.TestRunner.privateRun(TestRunner.java:767)
at org.testng.TestRunner.run(TestRunner.java:588)
at org.testng.SuiteRunner.runTest(SuiteRunner.java:384)
at org.testng.SuiteRunner.runSequentially(SuiteRunner.java:378)
at org.testng.SuiteRunner.privateRun(SuiteRunner.java:337)
at org.testng.SuiteRunner.run(SuiteRunner.java:286)
at org.testng.SuiteRunnerWorker.runSuite(SuiteRunnerWorker.java:53)
at org.testng.SuiteRunnerWorker.run(SuiteRunnerWorker.java:96)
at org.testng.TestNG.runSuitesSequentially(TestNG.java:1214)
at org.testng.TestNG.runSuitesLocally(TestNG.java:1136)
at org.testng.TestNG.runSuites(TestNG.java:1066)
at org.testng.TestNG.run(TestNG.java:1034)
at org.testng.remote.AbstractRemoteTestNG.run(AbstractRemoteTestNG.java:115)
at org.testng.remote.RemoteTestNG.initAndRun(RemoteTestNG.java:251)
at org.testng.remote.RemoteTestNG.main(RemoteTestNG.java:77)
]]>
            </full-stacktrace>
          </exception> <!-- java.lang.NullPointerException -->
          <reporter-output>
          </reporter-output>
        </test-method> <!-- weatherDataComparison -->
        <test-method status="PASS" signature="getResult(org.testng.ITestResult)[pri:0, instance:automationTests.AssignmentTests@3234e239]" name="getResult" is-config="true" duration-ms="3" started-at="2020-08-11T19:09:36 IST" finished-at="2020-08-11T19:09:36 IST">
          <params>
            <param index="0">
              <value>
                <![CDATA[[TestResult name=weatherDataComparison status=FAILURE method=AssignmentTests.weatherDataComparison()[pri:0, instance:automationTests.AssignmentTests@3234e239] output={null}]]]>
              </value>
            </param>
          </params>
          <reporter-output>
          </reporter-output>
        </test-method> <!-- getResult -->
        <test-method status="PASS" signature="endReport()[pri:0, instance:automationTests.AssignmentTests@3234e239]" name="endReport" is-config="true" duration-ms="309" started-at="2020-08-11T19:09:36 IST" finished-at="2020-08-11T19:09:36 IST">
          <reporter-output>
          </reporter-output>
        </test-method> <!-- endReport -->
      </class> <!-- automationTests.AssignmentTests -->
    </test> <!-- Test -->
  </suite> <!-- Suite -->
</testng-results>
